ui/vos/android-gradle/app/build/intermediates/manifest_merge_blame_file/debug/manifest-merger-blame-debug-report.txt
1<?xml version="1.0" encoding="utf-8"?>
2<manifest xmlns:android="http://schemas.android.com/apk/res/android"
3    package="com.balteklabs.voiceos"
4    android:versionCode="1"
5    android:versionName="1.0.0" >
6
7    <uses-sdk
8        android:minSdkVersion="26"
9        android:targetSdkVersion="33" />
10
11    <uses-permission android:name="android.permission.INTERNET" />
11-->src\main\AndroidManifest.xml:5:5-67
11-->src\main\AndroidManifest.xml:5:22-64
12    <uses-permission android:name="android.permission.RECORD_AUDIO" />
12-->src\main\AndroidManifest.xml:6:5-71
12-->src\main\AndroidManifest.xml:6:22-68
13    <uses-permission android:name="android.permission.READ_CONTACTS" />
13-->src\main\AndroidManifest.xml:7:5-72
13-->src\main\AndroidManifest.xml:7:22-69
14    <uses-permission android:name="android.permission.QUERY_ALL_PACKAGES" />
14-->src\main\AndroidManifest.xml:8:5-77
14-->src\main\AndroidManifest.xml:8:22-74
15    <uses-permission android:name="android.permission.READ_EXTERNAL_STORAGE" />
15-->src\main\AndroidManifest.xml:9:5-80
15-->src\main\AndroidManifest.xml:9:22-77
16    <uses-permission android:name="android.permission.WRITE_EXTERNAL_STORAGE" />
16-->src\main\AndroidManifest.xml:10:5-81
16-->src\main\AndroidManifest.xml:10:22-78
17    <uses-permission android:name="android.permission.MANAGE_EXTERNAL_STORAGE" />
17-->src\main\AndroidManifest.xml:11:5-12:40
17-->src\main\AndroidManifest.xml:11:22-79
18    <uses-permission android:name="android.permission.ACCESS_WIFI_STATE" />
18-->src\main\AndroidManifest.xml:13:5-76
18-->src\main\AndroidManifest.xml:13:22-73
19    <uses-permission android:name="android.permission.RECEIVE_BOOT_COMPLETED" />
19-->src\main\AndroidManifest.xml:14:5-81
19-->src\main\AndroidManifest.xml:14:22-78
20    <uses-permission android:name="android.permission.READ_CALENDAR" />
20-->src\main\AndroidManifest.xml:15:5-72
20-->src\main\AndroidManifest.xml:15:22-69
21    <uses-permission android:name="android.permission.WRITE_CALENDAR" />
21-->src\main\AndroidManifest.xml:16:5-73
21-->src\main\AndroidManifest.xml:16:22-70
22    <uses-permission android:name="com.android.alarm.permission.SET_ALARM" />
22-->src\main\AndroidManifest.xml:17:5-78
22-->src\main\AndroidManifest.xml:17:22-75
23    <uses-permission android:name="android.permission.CHANGE_AUDIO_SETTINGS" />
23-->src\main\AndroidManifest.xml:18:5-80
23-->src\main\AndroidManifest.xml:18:22-77
24    <uses-permission android:name="android.permission.READ_CALL_LOG" />
24-->src\main\AndroidManifest.xml:19:5-72
24-->src\main\AndroidManifest.xml:19:22-69
25    <uses-permission android:name="android.permission.READ_SMS" />
25-->src\main\AndroidManifest.xml:20:5-67
25-->src\main\AndroidManifest.xml:20:22-64
26    <uses-permission android:name="android.permission.ACCESS_WIFI_STATE" />
26-->src\main\AndroidManifest.xml:13:5-76
26-->src\main\AndroidManifest.xml:13:22-73
27    <uses-permission android:name="android.permission.CHANGE_WIFI_STATE" />
27-->src\main\AndroidManifest.xml:22:5-76
27-->src\main\AndroidManifest.xml:22:22-73
28    <uses-permission android:name="android.permission.WRITE_SETTINGS" />
28-->src\main\AndroidManifest.xml:23:5-24:47
28-->src\main\AndroidManifest.xml:23:22-70
29    <uses-permission
29-->src\main\AndroidManifest.xml:25:5-26:38
30        android:name="android.permission.BLUETOOTH"
30-->src\main\AndroidManifest.xml:25:22-65
31        android:maxSdkVersion="30" />
31-->src\main\AndroidManifest.xml:26:9-35
32    <uses-permission
32-->src\main\AndroidManifest.xml:27:5-28:38
33        android:name="android.permission.BLUETOOTH_ADMIN"
33-->src\main\AndroidManifest.xml:27:22-71
34        android:maxSdkVersion="30" />
34-->src\main\AndroidManifest.xml:28:9-35
35    <uses-permission android:name="android.permission.BLUETOOTH_CONNECT" />
35-->src\main\AndroidManifest.xml:29:5-76
35-->src\main\AndroidManifest.xml:29:22-73
36    <uses-permission android:name="android.permission.ACCESS_NOTIFICATION_POLICY" />
36-->src\main\AndroidManifest.xml:30:5-85
36-->src\main\AndroidManifest.xml:30:22-82
37    <uses-permission android:name="android.permission.READ_PHONE_STATE" />
37-->src\main\AndroidManifest.xml:31:5-75
37-->src\main\AndroidManifest.xml:31:22-72
38
39    <permission
39-->[androidx.core:core:1.10.1] AndroidManifest.xml:22:5-24:47
40        android:name="com.balteklabs.voiceos.DYNAMIC_RECEIVER_NOT_EXPORTED_PERMISSION"
40-->[androidx.core:core:1.10.1] AndroidManifest.xml:23:9-81
41        android:protectionLevel="signature" />
41-->[androidx.core:core:1.10.1] AndroidManifest.xml:24:9-44
42
43    <uses-permission android:name="com.balteklabs.voiceos.DYNAMIC_RECEIVER_NOT_EXPORTED_PERMISSION" />
43-->[androidx.core:core:1.10.1] AndroidManifest.xml:26:5-97
43-->[androidx.core:core:1.10.1] AndroidManifest.xml:26:22-94
44
45    <application
45-->src\main\AndroidManifest.xml:33:5-80:19
46        android:allowBackup="false"
46-->src\main\AndroidManifest.xml:34:9-36
47        android:appComponentFactory="androidx.core.app.CoreComponentFactory"
47-->[androidx.core:core:1.10.1] AndroidManifest.xml:28:18-86
48        android:debuggable="true"
49        android:extractNativeLibs="false"
50        android:label="@string/app_name"
50-->src\main\AndroidManifest.xml:35:9-41
51        android:requestLegacyExternalStorage="true"
51-->src\main\AndroidManifest.xml:39:9-52
52        android:supportsRtl="true"
52-->src\main\AndroidManifest.xml:36:9-35
53        android:theme="@style/Theme.VoiceOS"
53-->src\main\AndroidManifest.xml:37:9-45
54        android:usesCleartextTraffic="true" >
54-->src\main\AndroidManifest.xml:38:9-44
55
56        <!-- Notification listener service — user must grant access via system settings -->
57        <service
57-->src\main\AndroidManifest.xml:42:9-49:19
58            android:name="com.balteklabs.voiceos.VoiceOSNotificationService"
58-->src\main\AndroidManifest.xml:43:13-55
59            android:exported="true"
59-->src\main\AndroidManifest.xml:44:13-36
60            android:permission="android.permission.BIND_NOTIFICATION_LISTENER_SERVICE" >
60-->src\main\AndroidManifest.xml:45:13-87
61            <intent-filter>
61-->src\main\AndroidManifest.xml:46:13-48:29
62                <action android:name="android.service.notification.NotificationListenerService" />
62-->src\main\AndroidManifest.xml:47:17-99
62-->src\main\AndroidManifest.xml:47:25-96
63            </intent-filter>
64        </service>
65
66        <!-- Accessibility service — enables screenshot capture and gesture dispatch for the AI agent -->
67        <service
67-->src\main\AndroidManifest.xml:52:9-62:19
68            android:name="com.balteklabs.voiceos.VoiceOSAccessibilityService"
68-->src\main\AndroidManifest.xml:53:13-56
69            android:exported="true"
69-->src\main\AndroidManifest.xml:54:13-36
70            android:permission="android.permission.BIND_ACCESSIBILITY_SERVICE" >
70-->src\main\AndroidManifest.xml:55:13-79
71            <intent-filter>
71-->src\main\AndroidManifest.xml:56:13-58:29
72                <action android:name="android.accessibilityservice.AccessibilityService" />
72-->src\main\AndroidManifest.xml:57:17-92
72-->src\main\AndroidManifest.xml:57:25-89
73            </intent-filter>
74
75            <meta-data
75-->src\main\AndroidManifest.xml:59:13-61:72
76                android:name="android.accessibilityservice"
76-->src\main\AndroidManifest.xml:60:17-60
77                android:resource="@xml/accessibility_service_config" />
77-->src\main\AndroidManifest.xml:61:17-69
78        </service>
79
80        <activity
80-->src\main\AndroidManifest.xml:64:9-78:20
81            android:name="com.balteklabs.voiceos.MainActivity"
81-->src\main\AndroidManifest.xml:65:13-41
82            android:exported="true"
82-->src\main\AndroidManifest.xml:66:13-36
83            android:launchMode="singleTask"
83-->src\main\AndroidManifest.xml:67:13-44
84            android:screenOrientation="portrait"
84-->src\main\AndroidManifest.xml:68:13-49
85            android:windowSoftInputMode="adjustResize" >
85-->src\main\AndroidManifest.xml:69:13-55
86
87            <!-- Register as the default home / launcher -->
88            <intent-filter>
88-->src\main\AndroidManifest.xml:72:13-77:29
89                <action android:name="android.intent.action.MAIN" />
89-->src\main\AndroidManifest.xml:73:17-69
89-->src\main\AndroidManifest.xml:73:25-66
90
91                <category android:name="android.intent.category.HOME" />
91-->src\main\AndroidManifest.xml:74:17-73
91-->src\main\AndroidManifest.xml:74:27-70
92                <category android:name="android.intent.category.DEFAULT" />
92-->src\main\AndroidManifest.xml:75:17-76
92-->src\main\AndroidManifest.xml:75:27-73
93                <category android:name="android.intent.category.LAUNCHER" />
93-->src\main\AndroidManifest.xml:76:17-77
93-->src\main\AndroidManifest.xml:76:27-74
94            </intent-filter>
95        </activity>
96
97        <provider
97-->[androidx.emoji2:emoji2:1.2.0] AndroidManifest.xml:24:9-32:20
98            android:name="androidx.startup.InitializationProvider"
98-->[androidx.emoji2:emoji2:1.2.0] AndroidManifest.xml:25:13-67
99            android:authorities="com.balteklabs.voiceos.androidx-startup"
99-->[androidx.emoji2:emoji2:1.2.0] AndroidManifest.xml:26:13-68
100            android:exported="false" >
100-->[androidx.emoji2:emoji2:1.2.0] AndroidManifest.xml:27:13-37
101            <meta-data
101-->[androidx.emoji2:emoji2:1.2.0] AndroidManifest.xml:29:13-31:52
102                android:name="androidx.emoji2.text.EmojiCompatInitializer"
102-->[androidx.emoji2:emoji2:1.2.0] AndroidManifest.xml:30:17-75
103                android:value="androidx.startup" />
103-->[androidx.emoji2:emoji2:1.2.0] AndroidManifest.xml:31:17-49
104            <meta-data
104-->[androidx.lifecycle:lifecycle-process:2.4.1] AndroidManifest.xml:31:13-33:52
105                android:name="androidx.lifecycle.ProcessLifecycleInitializer"
105-->[androidx.lifecycle:lifecycle-process:2.4.1] AndroidManifest.xml:32:17-78
106                android:value="androidx.startup" />
106-->[androidx.lifecycle:lifecycle-process:2.4.1] AndroidManifest.xml:33:17-49
107        </provider>
108    </application>
109
110</manifest>